<?xml version="1.0" encoding="UTF-8"?>
<testsuite name="TestMoodAnalyser" tests="1" skipped="0" failures="0" errors="0" timestamp="2020-03-12T06:20:28" hostname="administrator-LIVA-Z2V" time="0.004">
  <properties/>
  <testcase name="givenHappyMood_WithDefaultConstructor_ShouldReturnHappy" classname="TestMoodAnalyser" time="0.004"/>
  <system-out><![CDATA[]]></system-out>
  <system-err><![CDATA[]]></system-err>
</testsuite>
