<?xml version="1.0" encoding="UTF-8"?>
<testsuite name="TestMoodAnalyser" tests="1" skipped="0" failures="0" errors="0" timestamp="2020-03-12T07:24:42" hostname="administrator-LIVA-Z2V" time="0.028">
  <properties/>
  <testcase name="givenClassName_WhenImproper_ShouldThrowMoodAnalysisException" classname="TestMoodAnalyser" time="0.028"/>
  <system-out><![CDATA[]]></system-out>
  <system-err><![CDATA[]]></system-err>
</testsuite>
